#
# There is insufficient memory for the Java Runtime Environment to continue.
# Native memory allocation (malloc) failed to allocate 332832 bytes. Error detail: Chunk::new
# Possible reasons:
#   The system is out of physical RAM or swap space
#   This process is running with CompressedOops enabled, and the Java Heap may be blocking the growth of the native heap
# Possible solutions:
#   Reduce memory load on the system
#   Increase physical memory or swap space
#   Check if swap backing store is full
#   Decrease Java heap size (-Xmx/-Xms)
#   Decrease number of Java threads
#   Decrease Java thread stack sizes (-Xss)
#   Set larger code cache with -XX:ReservedCodeCacheSize=
#   JVM is running with Unscaled Compressed Oops mode in which the Java heap is
#     placed in the first 4GB address space. The Java Heap base address is the
#     maximum limit for the native heap growth. Please use -XX:HeapBaseMinAddress
#     to set the Java Heap base and to place the Java Heap above 4GB virtual address.
# This output file may be truncated or incomplete.
#
#  Out of Memory Error (arena.cpp:168), pid=21364, tid=15588
#
# JRE version: OpenJDK Runtime Environment Temurin-21.0.9+10 (21.0.9+10) (build 21.0.9+10-LTS)
# Java VM: OpenJDK 64-Bit Server VM Temurin-21.0.9+10 (21.0.9+10-LTS, mixed mode, sharing, tiered, compressed oops, compressed class ptrs, g1 gc, windows-amd64)
# No core dump will be written. Minidumps are not enabled by default on client versions of Windows
#

---------------  S U M M A R Y ------------

Command Line: -XX:+ShowCodeDetailsInExceptionMessages com.scm.Application

Host: 11th Gen Intel(R) Core(TM) i5-11260H @ 2.60GHz, 12 cores, 7G,  Windows 11 , 64 bit Build 26100 (10.0.26100.7309)
Time: Tue Jan  6 18:12:16 2026 India Standard Time elapsed time: 2422.429971 seconds (0d 0h 40m 22s)

---------------  T H R E A D  ---------------

Current thread (0x00000196111e0f20):  JavaThread "C2 CompilerThread0" daemon [_thread_in_native, id=15588, stack(0x000000520ce00000,0x000000520cf00000) (1024K)]


Current CompileTask:
C2:2422430 7746       4       java.lang.ref.Reference::enqueueFromPending (19 bytes)

Stack: [0x000000520ce00000,0x000000520cf00000]
Native frames: (J=compiled Java code, j=interpreted, Vv=VM code, C=native code)
V  [jvm.dll+0x6d6e29]
V  [jvm.dll+0x8b4b76]
V  [jvm.dll+0x8b712e]
V  [jvm.dll+0x8b7813]
V  [jvm.dll+0x283d86]
V  [jvm.dll+0xc66ed]
V  [jvm.dll+0xc6c31]
V  [jvm.dll+0x3be53b]
V  [jvm.dll+0x38ab92]
V  [jvm.dll+0x389fda]
V  [jvm.dll+0x24bfa0]
V  [jvm.dll+0x24b580]
V  [jvm.dll+0x1cb13e]
V  [jvm.dll+0x25b29d]
V  [jvm.dll+0x25982a]
V  [jvm.dll+0x3f7ea6]
V  [jvm.dll+0x85e9ad]
V  [jvm.dll+0x6d565d]
C  [ucrtbase.dll+0x37b0]
C  [KERNEL32.DLL+0x2e8d7]
C  [ntdll.dll+0x8c53c]


---------------  P R O C E S S  ---------------

Threads class SMR info:
_java_thread_list=0x000001965b61d440, length=34, elements={
0x00000196111d1210, 0x00000196111d1870, 0x00000196111d3a70, 0x00000196111d6220,
0x00000196111d6b00, 0x00000196111ddea0, 0x00000196111e0f20, 0x00000196111e5630,
0x000001961132fce0, 0x0000019611344710, 0x000001965aa12da0, 0x000001965aa0e620,
0x000001965ad2a930, 0x000001965ac55e20, 0x000001965758e7c0, 0x000001965758ee50,
0x000001965758cd80, 0x000001965758f4e0, 0x000001965758daa0, 0x000001965758e130,
0x000001965b609a30, 0x000001965b60a0c0, 0x000001965b60a750, 0x000001965b60ade0,
0x000001965b60b470, 0x000001965b60c190, 0x000001965b60bb00, 0x000001965b608d10,
0x000001965b6093a0, 0x000001965b60fca0, 0x000001965b60c820, 0x000001965b60ceb0,
0x000001965b610330, 0x000001965b60e260
}

Java Threads: ( => current thread )
  0x00000196111d1210 JavaThread "Reference Handler"          daemon [_thread_blocked, id=26772, stack(0x000000520c800000,0x000000520c900000) (1024K)]
  0x00000196111d1870 JavaThread "Finalizer"                  daemon [_thread_blocked, id=5248, stack(0x000000520c900000,0x000000520ca00000) (1024K)]
  0x00000196111d3a70 JavaThread "Signal Dispatcher"          daemon [_thread_blocked, id=1964, stack(0x000000520ca00000,0x000000520cb00000) (1024K)]
  0x00000196111d6220 JavaThread "Attach Listener"            daemon [_thread_blocked, id=11744, stack(0x000000520cb00000,0x000000520cc00000) (1024K)]
  0x00000196111d6b00 JavaThread "Service Thread"             daemon [_thread_blocked, id=23276, stack(0x000000520cc00000,0x000000520cd00000) (1024K)]
  0x00000196111ddea0 JavaThread "Monitor Deflation Thread"   daemon [_thread_blocked, id=27116, stack(0x000000520cd00000,0x000000520ce00000) (1024K)]
=>0x00000196111e0f20 JavaThread "C2 CompilerThread0"         daemon [_thread_in_native, id=15588, stack(0x000000520ce00000,0x000000520cf00000) (1024K)]
  0x00000196111e5630 JavaThread "C1 CompilerThread0"         daemon [_thread_blocked, id=17180, stack(0x000000520cf00000,0x000000520d000000) (1024K)]
  0x000001961132fce0 JavaThread "Notification Thread"        daemon [_thread_blocked, id=4576, stack(0x000000520d000000,0x000000520d100000) (1024K)]
  0x0000019611344710 JavaThread "Common-Cleaner"             daemon [_thread_blocked, id=11888, stack(0x000000520d100000,0x000000520d200000) (1024K)]
  0x000001965aa12da0 JavaThread "Catalina-utility-1"                [_thread_blocked, id=26188, stack(0x000000520da00000,0x000000520db00000) (1024K)]
  0x000001965aa0e620 JavaThread "Catalina-utility-2"                [_thread_blocked, id=14264, stack(0x000000520e000000,0x000000520e100000) (1024K)]
  0x000001965ad2a930 JavaThread "container-0"                       [_thread_blocked, id=7536, stack(0x000000520e300000,0x000000520e400000) (1024K)]
  0x000001965ac55e20 JavaThread "mysql-cj-abandoned-connection-cleanup" daemon [_thread_blocked, id=27268, stack(0x000000520e400000,0x000000520e500000) (1024K)]
  0x000001965758e7c0 JavaThread "HikariPool-1:housekeeper"   daemon [_thread_blocked, id=18712, stack(0x000000520e600000,0x000000520e700000) (1024K)]
  0x000001965758ee50 JavaThread "HttpClient-1-SelectorManager" daemon [_thread_in_native, id=26752, stack(0x000000520e800000,0x000000520e900000) (1024K)]
  0x000001965758cd80 JavaThread "HttpClient-2-SelectorManager" daemon [_thread_in_native, id=18732, stack(0x000000520e900000,0x000000520ea00000) (1024K)]
  0x000001965758f4e0 JavaThread "HttpClient-3-SelectorManager" daemon [_thread_in_native, id=3140, stack(0x000000520ea00000,0x000000520eb00000) (1024K)]
  0x000001965758daa0 JavaThread "HttpClient-4-SelectorManager" daemon [_thread_in_native, id=21936, stack(0x000000520eb00000,0x000000520ec00000) (1024K)]
  0x000001965758e130 JavaThread "HttpClient-5-SelectorManager" daemon [_thread_in_native, id=17776, stack(0x000000520ec00000,0x000000520ed00000) (1024K)]
  0x000001965b609a30 JavaThread "File Watcher"               daemon [_thread_blocked, id=22084, stack(0x000000520ed00000,0x000000520ee00000) (1024K)]
  0x000001965b60a0c0 JavaThread "http-nio-8080-exec-1"       daemon [_thread_blocked, id=26144, stack(0x000000520ee00000,0x000000520ef00000) (1024K)]
  0x000001965b60a750 JavaThread "http-nio-8080-exec-2"       daemon [_thread_blocked, id=12888, stack(0x000000520ef00000,0x000000520f000000) (1024K)]
  0x000001965b60ade0 JavaThread "http-nio-8080-exec-3"       daemon [_thread_blocked, id=24692, stack(0x000000520f000000,0x000000520f100000) (1024K)]
  0x000001965b60b470 JavaThread "http-nio-8080-exec-4"       daemon [_thread_blocked, id=14388, stack(0x000000520f100000,0x000000520f200000) (1024K)]
  0x000001965b60c190 JavaThread "http-nio-8080-exec-5"       daemon [_thread_blocked, id=25160, stack(0x000000520f200000,0x000000520f300000) (1024K)]
  0x000001965b60bb00 JavaThread "http-nio-8080-exec-6"       daemon [_thread_blocked, id=13092, stack(0x000000520f300000,0x000000520f400000) (1024K)]
  0x000001965b608d10 JavaThread "http-nio-8080-exec-7"       daemon [_thread_blocked, id=1696, stack(0x000000520f400000,0x000000520f500000) (1024K)]
  0x000001965b6093a0 JavaThread "http-nio-8080-exec-8"       daemon [_thread_blocked, id=15836, stack(0x000000520f500000,0x000000520f600000) (1024K)]
  0x000001965b60fca0 JavaThread "http-nio-8080-exec-9"       daemon [_thread_blocked, id=3136, stack(0x000000520f600000,0x000000520f700000) (1024K)]
  0x000001965b60c820 JavaThread "http-nio-8080-exec-10"      daemon [_thread_blocked, id=21468, stack(0x000000520f700000,0x000000520f800000) (1024K)]
  0x000001965b60ceb0 JavaThread "http-nio-8080-Poller"       daemon [_thread_in_native, id=2888, stack(0x000000520f800000,0x000000520f900000) (1024K)]
  0x000001965b610330 JavaThread "http-nio-8080-Acceptor"     daemon [_thread_in_native, id=4528, stack(0x000000520f900000,0x000000520fa00000) (1024K)]
  0x000001965b60e260 JavaThread "DestroyJavaVM"                     [_thread_blocked, id=1732, stack(0x000000520c000000,0x000000520c100000) (1024K)]
Total: 34

Other Threads:
  0x00000196111b3d60 VMThread "VM Thread"                           [id=12076, stack(0x000000520c700000,0x000000520c800000) (1024K)]
  0x00000196111a3ef0 WatcherThread "VM Periodic Task Thread"        [id=20640, stack(0x000000520c600000,0x000000520c700000) (1024K)]
  0x000001967972e590 WorkerThread "GC Thread#0"                     [id=15860, stack(0x000000520c100000,0x000000520c200000) (1024K)]
  0x0000019657195ca0 WorkerThread "GC Thread#1"                     [id=1872, stack(0x000000520d500000,0x000000520d600000) (1024K)]
  0x0000019657196040 WorkerThread "GC Thread#2"                     [id=15376, stack(0x000000520d600000,0x000000520d700000) (1024K)]
  0x00000196571963e0 WorkerThread "GC Thread#3"                     [id=24544, stack(0x000000520d700000,0x000000520d800000) (1024K)]
  0x00000196571abfc0 WorkerThread "GC Thread#4"                     [id=21424, stack(0x000000520d800000,0x000000520d900000) (1024K)]
  0x00000196571ac360 WorkerThread "GC Thread#5"                     [id=18320, stack(0x000000520d900000,0x000000520da00000) (1024K)]
  0x00000196578962c0 WorkerThread "GC Thread#6"                     [id=25792, stack(0x000000520db00000,0x000000520dc00000) (1024K)]
  0x0000019611af2cd0 WorkerThread "GC Thread#7"                     [id=25556, stack(0x000000520dc00000,0x000000520dd00000) (1024K)]
  0x00000196575edec0 WorkerThread "GC Thread#8"                     [id=18520, stack(0x000000520dd00000,0x000000520de00000) (1024K)]
  0x00000196575e27e0 WorkerThread "GC Thread#9"                     [id=8564, stack(0x000000520de00000,0x000000520df00000) (1024K)]
  0x000001967973f4e0 ConcurrentGCThread "G1 Main Marker"            [id=26160, stack(0x000000520c200000,0x000000520c300000) (1024K)]
  0x0000019679741bb0 WorkerThread "G1 Conc#0"                       [id=26700, stack(0x000000520c300000,0x000000520c400000) (1024K)]
  0x0000019657c4e8a0 WorkerThread "G1 Conc#1"                       [id=26448, stack(0x000000520e100000,0x000000520e200000) (1024K)]
  0x0000019657c4e500 WorkerThread "G1 Conc#2"                       [id=1240, stack(0x000000520e200000,0x000000520e300000) (1024K)]
  0x000001961106c6c0 ConcurrentGCThread "G1 Refine#0"               [id=26768, stack(0x000000520c400000,0x000000520c500000) (1024K)]
  0x000001961106df10 ConcurrentGCThread "G1 Service"                [id=17152, stack(0x000000520c500000,0x000000520c600000) (1024K)]
Total: 18

Threads with active compile tasks:
C2 CompilerThread0  2422453 7746       4       java.lang.ref.Reference::enqueueFromPending (19 bytes)
Total: 1

VM state: not at safepoint (normal execution)

VM Mutex/Monitor currently owned by a thread: None

Heap address: 0x0000000084000000, size: 1984 MB, Compressed Oops mode: 32-bit

CDS archive(s) mapped at: [0x0000019612000000-0x0000019612ba0000-0x0000019612ba0000), size 12189696, SharedBaseAddress: 0x0000019612000000, ArchiveRelocationMode: 1.
Compressed class space mapped at: 0x0000019613000000-0x0000019653000000, reserved size: 1073741824
Narrow klass base: 0x0000019612000000, Narrow klass shift: 0, Narrow klass range: 0x100000000

GC Precious Log:
 CardTable entry size: 512
 Card Set container configuration: InlinePtr #cards 5 size 8 Array Of Cards #cards 12 size 40 Howl #buckets 4 coarsen threshold 1843 Howl Bitmap #cards 512 size 80 coarsen threshold 460 Card regions per heap region 1 cards per card region 2048
 CPUs: 12 total, 12 available
 Memory: 7929M
 Large Page Support: Disabled
 NUMA Support: Disabled
 Compressed Oops: Enabled (32-bit)
 Heap Region Size: 1M
 Heap Min Capacity: 8M
 Heap Initial Capacity: 124M
 Heap Max Capacity: 1984M
 Pre-touch: Disabled
 Parallel Workers: 10
 Concurrent Workers: 3
 Concurrent Refinement Workers: 10
 Periodic GC: Disabled

Heap:
 garbage-first heap   total 71680K, used 38762K [0x0000000084000000, 0x0000000100000000)
  region size 1024K, 5 young (5120K), 4 survivors (4096K)
 Metaspace       used 81705K, committed 82816K, reserved 1179648K
  class space    used 11289K, committed 11712K, reserved 1048576K

Heap Regions: E=young(eden), S=young(survivor), O=old, HS=humongous(starts), HC=humongous(continues), CS=collection set, F=free, TAMS=top-at-mark-start, PB=parsable bottom
|   0|0x0000000084000000, 0x0000000084100000, 0x0000000084100000|100%|HS|  |TAMS 0x0000000084000000| PB 0x0000000084000000| Complete 
|   1|0x0000000084100000, 0x0000000084200000, 0x0000000084200000|100%|HS|  |TAMS 0x0000000084100000| PB 0x0000000084100000| Complete 
|   2|0x0000000084200000, 0x0000000084300000, 0x0000000084300000|100%| O|  |TAMS 0x0000000084200000| PB 0x0000000084200000| Untracked 
|   3|0x0000000084300000, 0x0000000084400000, 0x0000000084400000|100%| O|  |TAMS 0x0000000084300000| PB 0x0000000084300000| Untracked 
|   4|0x0000000084400000, 0x0000000084500000, 0x0000000084500000|100%| O|  |TAMS 0x0000000084400000| PB 0x0000000084400000| Untracked 
|   5|0x0000000084500000, 0x0000000084600000, 0x0000000084600000|100%| O|  |TAMS 0x0000000084500000| PB 0x0000000084500000| Untracked 
|   6|0x0000000084600000, 0x0000000084700000, 0x0000000084700000|100%| O|  |TAMS 0x0000000084600000| PB 0x0000000084600000| Untracked 
|   7|0x0000000084700000, 0x0000000084800000, 0x0000000084800000|100%| O|  |TAMS 0x0000000084700000| PB 0x0000000084700000| Untracked 
|   8|0x0000000084800000, 0x0000000084900000, 0x0000000084900000|100%| O|  |TAMS 0x0000000084800000| PB 0x0000000084800000| Untracked 
|   9|0x0000000084900000, 0x0000000084a00000, 0x0000000084a00000|100%| O|  |TAMS 0x0000000084900000| PB 0x0000000084900000| Untracked 
|  10|0x0000000084a00000, 0x0000000084b00000, 0x0000000084b00000|100%| O|  |TAMS 0x0000000084a00000| PB 0x0000000084a00000| Untracked 
|  11|0x0000000084b00000, 0x0000000084c00000, 0x0000000084c00000|100%| O|  |TAMS 0x0000000084b00000| PB 0x0000000084b00000| Untracked 
|  12|0x0000000084c00000, 0x0000000084d00000, 0x0000000084d00000|100%| O|  |TAMS 0x0000000084c00000| PB 0x0000000084c00000| Untracked 
|  13|0x0000000084d00000, 0x0000000084e00000, 0x0000000084e00000|100%| O|  |TAMS 0x0000000084d00000| PB 0x0000000084d00000| Untracked 
|  14|0x0000000084e00000, 0x0000000084f00000, 0x0000000084f00000|100%| O|Cm|TAMS 0x0000000084e00000| PB 0x0000000084e00000| Complete 
|  15|0x0000000084f00000, 0x0000000085000000, 0x0000000085000000|100%| O|  |TAMS 0x0000000084f00000| PB 0x0000000084f00000| Untracked 
|  16|0x0000000085000000, 0x0000000085100000, 0x0000000085100000|100%| O|  |TAMS 0x0000000085000000| PB 0x0000000085000000| Untracked 
|  17|0x0000000085100000, 0x0000000085200000, 0x0000000085200000|100%| O|Cm|TAMS 0x0000000085100000| PB 0x0000000085100000| Complete 
|  18|0x0000000085200000, 0x0000000085300000, 0x0000000085300000|100%| O|  |TAMS 0x0000000085200000| PB 0x0000000085200000| Untracked 
|  19|0x0000000085300000, 0x0000000085400000, 0x0000000085400000|100%| O|  |TAMS 0x0000000085300000| PB 0x0000000085300000| Untracked 
|  20|0x0000000085400000, 0x0000000085500000, 0x0000000085500000|100%| O|  |TAMS 0x0000000085400000| PB 0x0000000085400000| Untracked 
|  21|0x0000000085500000, 0x0000000085600000, 0x0000000085600000|100%| O|  |TAMS 0x0000000085500000| PB 0x0000000085500000| Untracked 
|  22|0x0000000085600000, 0x0000000085700000, 0x0000000085700000|100%| O|  |TAMS 0x0000000085600000| PB 0x0000000085600000| Untracked 
|  23|0x0000000085700000, 0x0000000085800000, 0x0000000085800000|100%| O|Cm|TAMS 0x0000000085700000| PB 0x0000000085700000| Complete 
|  24|0x0000000085800000, 0x0000000085900000, 0x0000000085900000|100%| O|Cm|TAMS 0x0000000085800000| PB 0x0000000085800000| Complete 
|  25|0x0000000085900000, 0x0000000085a00000, 0x0000000085a00000|100%| O|Cm|TAMS 0x0000000085900000| PB 0x0000000085900000| Complete 
|  26|0x0000000085a00000, 0x0000000085b00000, 0x0000000085b00000|100%| O|  |TAMS 0x0000000085a00000| PB 0x0000000085a00000| Untracked 
|  27|0x0000000085b00000, 0x0000000085c00000, 0x0000000085c00000|100%| O|Cm|TAMS 0x0000000085b00000| PB 0x0000000085b00000| Complete 
|  28|0x0000000085c00000, 0x0000000085d00000, 0x0000000085d00000|100%| O|  |TAMS 0x0000000085c00000| PB 0x0000000085c00000| Untracked 
|  29|0x0000000085d00000, 0x0000000085d4ed20, 0x0000000085e00000| 30%| O|  |TAMS 0x0000000085d00000| PB 0x0000000085d00000| Untracked 
|  30|0x0000000085e00000, 0x0000000085f00000, 0x0000000085f00000|100%| O|Cm|TAMS 0x0000000085e00000| PB 0x0000000085e00000| Complete 
|  31|0x0000000085f00000, 0x0000000085f8be70, 0x0000000086000000| 54%| S|CS|TAMS 0x0000000085f00000| PB 0x0000000085f00000| Complete 
|  32|0x0000000086000000, 0x0000000086100000, 0x0000000086100000|100%| S|CS|TAMS 0x0000000086000000| PB 0x0000000086000000| Complete 
|  33|0x0000000086100000, 0x0000000086200000, 0x0000000086200000|100%| S|CS|TAMS 0x0000000086100000| PB 0x0000000086100000| Complete 
|  34|0x0000000086200000, 0x0000000086200000, 0x0000000086300000|  0%| F|  |TAMS 0x0000000086200000| PB 0x0000000086200000| Untracked 
|  35|0x0000000086300000, 0x0000000086400000, 0x0000000086400000|100%| S|CS|TAMS 0x0000000086300000| PB 0x0000000086300000| Complete 
|  36|0x0000000086400000, 0x0000000086400000, 0x0000000086500000|  0%| F|  |TAMS 0x0000000086400000| PB 0x0000000086400000| Untracked 
|  37|0x0000000086500000, 0x0000000086500000, 0x0000000086600000|  0%| F|  |TAMS 0x0000000086500000| PB 0x0000000086500000| Untracked 
|  38|0x0000000086600000, 0x0000000086600000, 0x0000000086700000|  0%| F|  |TAMS 0x0000000086600000| PB 0x0000000086600000| Untracked 
|  39|0x0000000086700000, 0x0000000086700000, 0x0000000086800000|  0%| F|  |TAMS 0x0000000086700000| PB 0x0000000086700000| Untracked 
|  40|0x0000000086800000, 0x0000000086800000, 0x0000000086900000|  0%| F|  |TAMS 0x0000000086800000| PB 0x0000000086800000| Untracked 
|  41|0x0000000086900000, 0x0000000086900000, 0x0000000086a00000|  0%| F|  |TAMS 0x0000000086900000| PB 0x0000000086900000| Untracked 
|  42|0x0000000086a00000, 0x0000000086a00000, 0x0000000086b00000|  0%| F|  |TAMS 0x0000000086a00000| PB 0x0000000086a00000| Untracked 
|  43|0x0000000086b00000, 0x0000000086b00000, 0x0000000086c00000|  0%| F|  |TAMS 0x0000000086b00000| PB 0x0000000086b00000| Untracked 
|  44|0x0000000086c00000, 0x0000000086c00000, 0x0000000086d00000|  0%| F|  |TAMS 0x0000000086c00000| PB 0x0000000086c00000| Untracked 
|  45|0x0000000086d00000, 0x0000000086d00000, 0x0000000086e00000|  0%| F|  |TAMS 0x0000000086d00000| PB 0x0000000086d00000| Untracked 
|  46|0x0000000086e00000, 0x0000000086e00000, 0x0000000086f00000|  0%| F|  |TAMS 0x0000000086e00000| PB 0x0000000086e00000| Untracked 
|  47|0x0000000086f00000, 0x0000000086f00000, 0x0000000087000000|  0%| F|  |TAMS 0x0000000086f00000| PB 0x0000000086f00000| Untracked 
|  48|0x0000000087000000, 0x0000000087000000, 0x0000000087100000|  0%| F|  |TAMS 0x0000000087000000| PB 0x0000000087000000| Untracked 
|  49|0x0000000087100000, 0x0000000087100000, 0x0000000087200000|  0%| F|  |TAMS 0x0000000087100000| PB 0x0000000087100000| Untracked 
|  50|0x0000000087200000, 0x0000000087200000, 0x0000000087300000|  0%| F|  |TAMS 0x0000000087200000| PB 0x0000000087200000| Untracked 
|  51|0x0000000087300000, 0x0000000087300000, 0x0000000087400000|  0%| F|  |TAMS 0x0000000087300000| PB 0x0000000087300000| Untracked 
|  52|0x0000000087400000, 0x0000000087400000, 0x0000000087500000|  0%| F|  |TAMS 0x0000000087400000| PB 0x0000000087400000| Untracked 
|  53|0x0000000087500000, 0x0000000087500000, 0x0000000087600000|  0%| F|  |TAMS 0x0000000087500000| PB 0x0000000087500000| Untracked 
|  54|0x0000000087600000, 0x0000000087600000, 0x0000000087700000|  0%| F|  |TAMS 0x0000000087600000| PB 0x0000000087600000| Untracked 
|  55|0x0000000087700000, 0x0000000087700000, 0x0000000087800000|  0%| F|  |TAMS 0x0000000087700000| PB 0x0000000087700000| Untracked 
|  56|0x0000000087800000, 0x0000000087800000, 0x0000000087900000|  0%| F|  |TAMS 0x0000000087800000| PB 0x0000000087800000| Untracked 
|  57|0x0000000087900000, 0x0000000087900000, 0x0000000087a00000|  0%| F|  |TAMS 0x0000000087900000| PB 0x0000000087900000| Untracked 
|  81|0x0000000089100000, 0x0000000089100000, 0x0000000089200000|  0%| F|  |TAMS 0x0000000089100000| PB 0x0000000089100000| Untracked 
|  82|0x0000000089200000, 0x0000000089200000, 0x0000000089300000|  0%| F|  |TAMS 0x0000000089200000| PB 0x0000000089200000| Untracked 
|  83|0x0000000089300000, 0x0000000089300000, 0x0000000089400000|  0%| F|  |TAMS 0x0000000089300000| PB 0x0000000089300000| Untracked 
|  84|0x0000000089400000, 0x0000000089400000, 0x0000000089500000|  0%| F|  |TAMS 0x0000000089400000| PB 0x0000000089400000| Untracked 
|  85|0x0000000089500000, 0x0000000089500000, 0x0000000089600000|  0%| F|  |TAMS 0x0000000089500000| PB 0x0000000089500000| Untracked 
|  86|0x0000000089600000, 0x0000000089600000, 0x0000000089700000|  0%| F|  |TAMS 0x0000000089600000| PB 0x0000000089600000| Untracked 
| 123|0x000000008bb00000, 0x000000008bb00000, 0x000000008bc00000|  0%| F|  |TAMS 0x000000008bb00000| PB 0x000000008bb00000| Untracked 
|1979|0x00000000ffb00000, 0x00000000ffb9ba10, 0x00000000ffc00000| 60%| E|  |TAMS 0x00000000ffb00000| PB 0x00000000ffb00000| Complete 
|1980|0x00000000ffc00000, 0x00000000ffd00000, 0x00000000ffd00000|100%| O|Cm|TAMS 0x00000000ffc00000| PB 0x00000000ffc00000| Complete 
|1981|0x00000000ffd00000, 0x00000000ffe00000, 0x00000000ffe00000|100%| O|  |TAMS 0x00000000ffd00000| PB 0x00000000ffd00000| Untracked 
|1982|0x00000000ffe00000, 0x00000000fff00000, 0x00000000fff00000|100%| O|  |TAMS 0x00000000ffe00000| PB 0x00000000ffe00000| Untracked 
|1983|0x00000000fff00000, 0x0000000100000000, 0x0000000100000000|100%| O|  |TAMS 0x00000000fff00000| PB 0x00000000fff00000| Untracked 

Card table byte_map: [0x000001967d1f0000,0x000001967d5d0000] _byte_map_base: 0x000001967cdd0000

Marking Bits: (CMBitMap*) 0x000001967972ec90
 Bits: [0x000001967d5d0000, 0x000001967f4d0000)

Polling page: 0x00000196778b0000

Metaspace:

Usage:
  Non-class:     68.77 MB used.
      Class:     11.03 MB used.
       Both:     79.79 MB used.

Virtual space:
  Non-class space:      128.00 MB reserved,      69.44 MB ( 54%) committed,  2 nodes.
      Class space:        1.00 GB reserved,      11.44 MB (  1%) committed,  1 nodes.
             Both:        1.12 GB reserved,      80.88 MB (  7%) committed. 

Chunk freelists:
   Non-Class:  10.47 MB
       Class:  4.58 MB
        Both:  15.04 MB

MaxMetaspaceSize: unlimited
CompressedClassSpaceSize: 1.00 GB
Initial GC threshold: 21.00 MB
Current GC threshold: 134.81 MB
CDS: on
 - commit_granule_bytes: 65536.
 - commit_granule_words: 8192.
 - virtual_space_node_default_size: 8388608.
 - enlarge_chunks_in_place: 1.
 - use_allocation_guard: 0.


Internal statistics:

num_allocs_failed_limit: 9.
num_arena_births: 1078.
num_arena_deaths: 338.
num_vsnodes_births: 3.
num_vsnodes_deaths: 0.
num_space_committed: 1294.
num_space_uncommitted: 0.
num_chunks_returned_to_freelist: 384.
num_chunks_taken_from_freelist: 4012.
num_chunk_merges: 90.
num_chunk_splits: 2891.
num_chunks_enlarged: 2250.
num_inconsistent_stats: 0.

CodeHeap 'non-profiled nmethods': size=120000Kb used=4019Kb max_used=5047Kb free=115980Kb
 bounds [0x0000019607ad0000, 0x0000019607fc0000, 0x000001960f000000]
CodeHeap 'profiled nmethods': size=120000Kb used=11105Kb max_used=13203Kb free=108894Kb
 bounds [0x0000019600000000, 0x0000019600cf0000, 0x0000019607530000]
CodeHeap 'non-nmethods': size=5760Kb used=1838Kb max_used=1863Kb free=3921Kb
 bounds [0x0000019607530000, 0x00000196077a0000, 0x0000019607ad0000]
CodeCache: size=245760Kb, used=16962Kb, max_used=20113Kb, free=228795Kb
 total_blobs=6499, nmethods=5717, adapters=685, full_count=0
Compilation: enabled, stopped_count=0, restarted_count=0

Compilation events (20 events):
Event: 2372.346 Thread 0x00000196111e0f20 nmethod 7736 0x0000019607fb9f90 code [0x0000019607fba220, 0x0000019607fbb230]
Event: 2380.956 Thread 0x00000196111e0f20 7737   !   4       sun.nio.ch.SelectorImpl::processDeregisterQueue (145 bytes)
Event: 2380.980 Thread 0x00000196111e0f20 nmethod 7737 0x0000019607fbbb10 code [0x0000019607fbbd80, 0x0000019607fbc688]
Event: 2381.296 Thread 0x00000196111e5630 7738       3       java.util.TreeSet::addAll (82 bytes)
Event: 2381.302 Thread 0x00000196111e5630 nmethod 7738 0x0000019600ce3a90 code [0x0000019600ce3ce0, 0x0000019600ce4850]
Event: 2386.619 Thread 0x00000196111e0f20 7739       4       org.springframework.boot.devtools.filewatch.DirectorySnapshot::filter (72 bytes)
Event: 2386.620 Thread 0x00000196111e0f20 nmethod 7739 0x0000019607fbcc90 code [0x0000019607fbce20, 0x0000019607fbcec8]
Event: 2391.299 Thread 0x00000196111e5630 7740       3       java.util.TreeSet::<init> (13 bytes)
Event: 2391.301 Thread 0x00000196111e5630 nmethod 7740 0x0000019600ce4a90 code [0x0000019600ce4c60, 0x0000019600ce5118]
Event: 2406.714 Thread 0x00000196111e0f20 7741       4       java.io.File::listFiles (52 bytes)
Event: 2406.742 Thread 0x00000196111e0f20 nmethod 7741 0x0000019607fbcf90 code [0x0000019607fbd1a0, 0x0000019607fbda38]
Event: 2420.401 Thread 0x00000196111e0f20 7742       4       java.util.concurrent.locks.AbstractQueuedSynchronizer$Node::clearStatus (12 bytes)
Event: 2420.401 Thread 0x00000196111e5630 7743       3       java.util.concurrent.locks.AbstractQueuedSynchronizer$ConditionObject::signalAll (34 bytes)
Event: 2420.402 Thread 0x00000196111e5630 nmethod 7743 0x00000196000d2c90 code [0x00000196000d2e60, 0x00000196000d31b0]
Event: 2420.402 Thread 0x00000196111e5630 7744   !   3       java.lang.ref.ReferenceQueue::enqueue (32 bytes)
Event: 2420.403 Thread 0x00000196111e5630 nmethod 7744 0x0000019600040210 code [0x0000019600040460, 0x0000019600040d98]
Event: 2420.403 Thread 0x00000196111e5630 7745       3       java.lang.ref.ReferenceQueue::signal (10 bytes)
Event: 2420.403 Thread 0x00000196111e0f20 nmethod 7742 0x0000019607ad2990 code [0x0000019607ad2b20, 0x0000019607ad2bb0]
Event: 2420.403 Thread 0x00000196111e0f20 7746       4       java.lang.ref.Reference::enqueueFromPending (19 bytes)
Event: 2420.404 Thread 0x00000196111e5630 nmethod 7745 0x0000019600010890 code [0x0000019600010a80, 0x0000019600010e78]

GC Heap History (20 events):
Event: 4.342 GC heap before
{Heap before GC invocations=10 (full 0):
 garbage-first heap   total 57344K, used 47559K [0x0000000084000000, 0x0000000100000000)
  region size 1024K, 27 young (27648K), 3 survivors (3072K)
 Metaspace       used 51548K, committed 52160K, reserved 1114112K
  class space    used 7139K, committed 7424K, reserved 1048576K
}
Event: 4.344 GC heap after
{Heap after GC invocations=11 (full 0):
 garbage-first heap   total 57344K, used 25919K [0x0000000084000000, 0x0000000100000000)
  region size 1024K, 4 young (4096K), 4 survivors (4096K)
 Metaspace       used 51548K, committed 52160K, reserved 1114112K
  class space    used 7139K, committed 7424K, reserved 1048576K
}
Event: 4.684 GC heap before
{Heap before GC invocations=11 (full 0):
 garbage-first heap   total 57344K, used 49471K [0x0000000084000000, 0x0000000100000000)
  region size 1024K, 27 young (27648K), 4 survivors (4096K)
 Metaspace       used 57099K, committed 57664K, reserved 1114112K
  class space    used 7755K, committed 8000K, reserved 1048576K
}
Event: 4.688 GC heap after
{Heap after GC invocations=12 (full 0):
 garbage-first heap   total 57344K, used 27762K [0x0000000084000000, 0x0000000100000000)
  region size 1024K, 2 young (2048K), 2 survivors (2048K)
 Metaspace       used 57099K, committed 57664K, reserved 1114112K
  class space    used 7755K, committed 8000K, reserved 1048576K
}
Event: 4.777 GC heap before
{Heap before GC invocations=12 (full 0):
 garbage-first heap   total 57344K, used 31858K [0x0000000084000000, 0x0000000100000000)
  region size 1024K, 8 young (8192K), 2 survivors (2048K)
 Metaspace       used 59577K, committed 60160K, reserved 1114112K
  class space    used 8169K, committed 8448K, reserved 1048576K
}
Event: 4.780 GC heap after
{Heap after GC invocations=13 (full 0):
 garbage-first heap   total 69632K, used 27727K [0x0000000084000000, 0x0000000100000000)
  region size 1024K, 2 young (2048K), 2 survivors (2048K)
 Metaspace       used 59577K, committed 60160K, reserved 1114112K
  class space    used 8169K, committed 8448K, reserved 1048576K
}
Event: 5.423 GC heap before
{Heap before GC invocations=14 (full 0):
 garbage-first heap   total 69632K, used 60495K [0x0000000084000000, 0x0000000100000000)
  region size 1024K, 35 young (35840K), 2 survivors (2048K)
 Metaspace       used 67545K, committed 68224K, reserved 1114112K
  class space    used 9397K, committed 9664K, reserved 1048576K
}
Event: 5.426 GC heap after
{Heap after GC invocations=15 (full 0):
 garbage-first heap   total 69632K, used 29706K [0x0000000084000000, 0x0000000100000000)
  region size 1024K, 4 young (4096K), 4 survivors (4096K)
 Metaspace       used 67545K, committed 68224K, reserved 1114112K
  class space    used 9397K, committed 9664K, reserved 1048576K
}
Event: 5.945 GC heap before
{Heap before GC invocations=15 (full 0):
 garbage-first heap   total 69632K, used 61450K [0x0000000084000000, 0x0000000100000000)
  region size 1024K, 36 young (36864K), 4 survivors (4096K)
 Metaspace       used 72554K, committed 73280K, reserved 1114112K
  class space    used 10093K, committed 10432K, reserved 1048576K
}
Event: 5.950 GC heap after
{Heap after GC invocations=16 (full 0):
 garbage-first heap   total 70656K, used 32513K [0x0000000084000000, 0x0000000100000000)
  region size 1024K, 5 young (5120K), 5 survivors (5120K)
 Metaspace       used 72554K, committed 73280K, reserved 1114112K
  class space    used 10093K, committed 10432K, reserved 1048576K
}
Event: 6.573 GC heap before
{Heap before GC invocations=16 (full 0):
 garbage-first heap   total 70656K, used 63233K [0x0000000084000000, 0x0000000100000000)
  region size 1024K, 35 young (35840K), 5 survivors (5120K)
 Metaspace       used 76927K, committed 77696K, reserved 1179648K
  class space    used 10725K, committed 11072K, reserved 1048576K
}
Event: 6.579 GC heap after
{Heap after GC invocations=17 (full 0):
 garbage-first heap   total 71680K, used 35839K [0x0000000084000000, 0x0000000100000000)
  region size 1024K, 3 young (3072K), 3 survivors (3072K)
 Metaspace       used 76927K, committed 77696K, reserved 1179648K
  class space    used 10725K, committed 11072K, reserved 1048576K
}
Event: 365.696 GC heap before
{Heap before GC invocations=17 (full 0):
 garbage-first heap   total 71680K, used 64511K [0x0000000084000000, 0x0000000100000000)
  region size 1024K, 31 young (31744K), 3 survivors (3072K)
 Metaspace       used 77467K, committed 78208K, reserved 1179648K
  class space    used 10782K, committed 11136K, reserved 1048576K
}
Event: 365.732 GC heap after
{Heap after GC invocations=18 (full 0):
 garbage-first heap   total 71680K, used 36142K [0x0000000084000000, 0x0000000100000000)
  region size 1024K, 1 young (1024K), 1 survivors (1024K)
 Metaspace       used 77467K, committed 78208K, reserved 1179648K
  class space    used 10782K, committed 11136K, reserved 1048576K
}
Event: 814.353 GC heap before
{Heap before GC invocations=19 (full 0):
 garbage-first heap   total 71680K, used 64814K [0x0000000084000000, 0x0000000100000000)
  region size 1024K, 29 young (29696K), 1 survivors (1024K)
 Metaspace       used 77496K, committed 78272K, reserved 1179648K
  class space    used 10782K, committed 11136K, reserved 1048576K
}
Event: 814.362 GC heap after
{Heap after GC invocations=20 (full 0):
 garbage-first heap   total 71680K, used 35818K [0x0000000084000000, 0x0000000100000000)
  region size 1024K, 1 young (1024K), 1 survivors (1024K)
 Metaspace       used 77496K, committed 78272K, reserved 1179648K
  class space    used 10782K, committed 11136K, reserved 1048576K
}
Event: 2243.987 GC heap before
{Heap before GC invocations=20 (full 0):
 garbage-first heap   total 71680K, used 65514K [0x0000000084000000, 0x0000000100000000)
  region size 1024K, 30 young (30720K), 1 survivors (1024K)
 Metaspace       used 77623K, committed 78400K, reserved 1179648K
  class space    used 10787K, committed 11136K, reserved 1048576K
}
Event: 2244.016 GC heap after
{Heap after GC invocations=21 (full 0):
 garbage-first heap   total 71680K, used 35882K [0x0000000084000000, 0x0000000100000000)
  region size 1024K, 1 young (1024K), 1 survivors (1024K)
 Metaspace       used 77623K, committed 78400K, reserved 1179648K
  class space    used 10787K, committed 11136K, reserved 1048576K
}
Event: 2419.963 GC heap before
{Heap before GC invocations=21 (full 0):
 garbage-first heap   total 71680K, used 65578K [0x0000000084000000, 0x0000000100000000)
  region size 1024K, 31 young (31744K), 1 survivors (1024K)
 Metaspace       used 82016K, committed 82816K, reserved 1179648K
  class space    used 11375K, committed 11712K, reserved 1048576K
}
Event: 2420.039 GC heap after
{Heap after GC invocations=22 (full 0):
 garbage-first heap   total 71680K, used 38762K [0x0000000084000000, 0x0000000100000000)
  region size 1024K, 4 young (4096K), 4 survivors (4096K)
 Metaspace       used 82016K, committed 82816K, reserved 1179648K
  class space    used 11375K, committed 11712K, reserved 1048576K
}

Dll operation events (10 events):
Event: 0.006 Loaded shared library C:\Users\chirag rawat\.vscode\extensions\redhat.java-1.50.0-win32-x64\jre\21.0.9-win32-x86_64\bin\java.dll
Event: 0.034 Loaded shared library C:\Users\chirag rawat\.vscode\extensions\redhat.java-1.50.0-win32-x64\jre\21.0.9-win32-x86_64\bin\zip.dll
Event: 0.176 Loaded shared library C:\Users\chirag rawat\.vscode\extensions\redhat.java-1.50.0-win32-x64\jre\21.0.9-win32-x86_64\bin\net.dll
Event: 0.178 Loaded shared library C:\Users\chirag rawat\.vscode\extensions\redhat.java-1.50.0-win32-x64\jre\21.0.9-win32-x86_64\bin\nio.dll
Event: 0.180 Loaded shared library C:\Users\chirag rawat\.vscode\extensions\redhat.java-1.50.0-win32-x64\jre\21.0.9-win32-x86_64\bin\zip.dll
Event: 0.287 Loaded shared library C:\Users\chirag rawat\.vscode\extensions\redhat.java-1.50.0-win32-x64\jre\21.0.9-win32-x86_64\bin\jimage.dll
Event: 0.678 Loaded shared library C:\Users\chirag rawat\.vscode\extensions\redhat.java-1.50.0-win32-x64\jre\21.0.9-win32-x86_64\bin\management.dll
Event: 0.683 Loaded shared library C:\Users\chirag rawat\.vscode\extensions\redhat.java-1.50.0-win32-x64\jre\21.0.9-win32-x86_64\bin\management_ext.dll
Event: 1.614 Loaded shared library C:\Users\chirag rawat\.vscode\extensions\redhat.java-1.50.0-win32-x64\jre\21.0.9-win32-x86_64\bin\sunmscapi.dll
Event: 3.861 Loaded shared library C:\Users\chirag rawat\.vscode\extensions\redhat.java-1.50.0-win32-x64\jre\21.0.9-win32-x86_64\bin\extnet.dll

Deoptimization events (20 events):
Event: 2340.620 Thread 0x000001965b609a30 Uncommon trap: trap_request=0xffffffc6 fr.pc=0x0000019607f79b60 relative=0x0000000000000cc0
Event: 2340.620 Thread 0x000001965b609a30 Uncommon trap: reason=bimorphic_or_optimized_type_check action=maybe_recompile pc=0x0000019607f79b60 method=java.util.AbstractCollection.containsAll(Ljava/util/Collection;)Z @ 25 c2
Event: 2340.620 Thread 0x000001965b609a30 DEOPT PACKING pc=0x0000019607f79b60 sp=0x000000520edff360
Event: 2340.620 Thread 0x000001965b609a30 DEOPT UNPACKING pc=0x0000019607587ba2 sp=0x000000520edff318 mode 2
Event: 2352.771 Thread 0x000001965b60ceb0 Uncommon trap: trap_request=0xffffffec fr.pc=0x0000019607d13f1c relative=0x00000000000001dc
Event: 2352.771 Thread 0x000001965b60ceb0 Uncommon trap: reason=null_assert_or_unreached0 action=make_not_entrant pc=0x0000019607d13f1c method=sun.nio.ch.SelectorImpl.processDeregisterQueue()V @ 61 c2
Event: 2352.771 Thread 0x000001965b60ceb0 DEOPT PACKING pc=0x0000019607d13f1c sp=0x000000520f8fed40
Event: 2352.772 Thread 0x000001965b60ceb0 DEOPT UNPACKING pc=0x0000019607587ba2 sp=0x000000520f8fece8 mode 2
Event: 2360.729 Thread 0x000001965b609a30 Uncommon trap: trap_request=0xffffff45 fr.pc=0x0000019607f75cb0 relative=0x0000000000000dd0
Event: 2360.729 Thread 0x000001965b609a30 Uncommon trap: reason=unstable_if action=reinterpret pc=0x0000019607f75cb0 method=org.springframework.boot.devtools.filewatch.FileSnapshot.<init>(Ljava/io/File;)V @ 14 c2
Event: 2360.729 Thread 0x000001965b609a30 DEOPT PACKING pc=0x0000019607f75cb0 sp=0x000000520edfefc0
Event: 2360.730 Thread 0x000001965b609a30 DEOPT UNPACKING pc=0x0000019607587ba2 sp=0x000000520edfefa0 mode 2
Event: 2361.572 Thread 0x000001965b609a30 Uncommon trap: trap_request=0xffffffc6 fr.pc=0x0000019607f79b60 relative=0x0000000000000cc0
Event: 2361.572 Thread 0x000001965b609a30 Uncommon trap: reason=bimorphic_or_optimized_type_check action=maybe_recompile pc=0x0000019607f79b60 method=java.util.AbstractCollection.containsAll(Ljava/util/Collection;)Z @ 25 c2
Event: 2361.572 Thread 0x000001965b609a30 DEOPT PACKING pc=0x0000019607f79b60 sp=0x000000520edff360
Event: 2361.572 Thread 0x000001965b609a30 DEOPT UNPACKING pc=0x0000019607587ba2 sp=0x000000520edff318 mode 2
Event: 2361.986 Thread 0x000001965b609a30 Uncommon trap: trap_request=0xffffffc6 fr.pc=0x0000019607f79b60 relative=0x0000000000000cc0
Event: 2361.986 Thread 0x000001965b609a30 Uncommon trap: reason=bimorphic_or_optimized_type_check action=maybe_recompile pc=0x0000019607f79b60 method=java.util.AbstractCollection.containsAll(Ljava/util/Collection;)Z @ 25 c2
Event: 2361.986 Thread 0x000001965b609a30 DEOPT PACKING pc=0x0000019607f79b60 sp=0x000000520edff360
Event: 2361.986 Thread 0x000001965b609a30 DEOPT UNPACKING pc=0x0000019607587ba2 sp=0x000000520edff318 mode 2

Classes loaded (20 events):
Event: 2290.671 Loading class java/util/concurrent/atomic/DoubleAdder
Event: 2290.672 Loading class java/util/concurrent/atomic/DoubleAdder done
Event: 2290.672 Loading class java/util/concurrent/atomic/LongAccumulator
Event: 2290.672 Loading class java/util/concurrent/atomic/LongAccumulator done
Event: 2290.922 Loading class sun/nio/cs/ISO_8859_1$Encoder
Event: 2290.923 Loading class sun/nio/cs/ISO_8859_1$Encoder done
Event: 2290.923 Loading class sun/nio/cs/Surrogate$Parser
Event: 2290.923 Loading class sun/nio/cs/Surrogate$Parser done
Event: 2290.923 Loading class sun/nio/cs/Surrogate
Event: 2290.924 Loading class sun/nio/cs/Surrogate done
Event: 2290.924 Loading class java/nio/StringCharBuffer
Event: 2290.924 Loading class java/nio/StringCharBuffer done
Event: 2291.314 Loading class java/util/ArrayList$SubList$2
Event: 2291.314 Loading class java/util/ArrayList$SubList$2 done
Event: 2291.340 Loading class java/util/concurrent/locks/ReentrantReadWriteLock$Sync$HoldCounter
Event: 2291.340 Loading class java/util/concurrent/locks/ReentrantReadWriteLock$Sync$HoldCounter done
Event: 2291.350 Loading class java/time/format/DateTimeFormatterBuilder$ZoneTextPrinterParser
Event: 2291.351 Loading class java/time/format/DateTimeFormatterBuilder$ZoneTextPrinterParser done
Event: 2291.351 Loading class java/time/format/DateTimeFormatterBuilder$ReducedPrinterParser
Event: 2291.352 Loading class java/time/format/DateTimeFormatterBuilder$ReducedPrinterParser done

Classes unloaded (20 events):
Event: 2420.106 Thread 0x00000196111b3d60 Unloading class 0x000001961312ac00 'java/lang/invoke/LambdaForm$MH+0x000001961312ac00'
Event: 2420.106 Thread 0x00000196111b3d60 Unloading class 0x000001961312a800 'java/lang/invoke/LambdaForm$MH+0x000001961312a800'
Event: 2420.106 Thread 0x00000196111b3d60 Unloading class 0x000001961312a000 'java/lang/invoke/LambdaForm$MH+0x000001961312a000'
Event: 2420.106 Thread 0x00000196111b3d60 Unloading class 0x0000019613129400 'java/lang/invoke/LambdaForm$MH+0x0000019613129400'
Event: 2420.106 Thread 0x00000196111b3d60 Unloading class 0x0000019613129000 'java/lang/invoke/LambdaForm$MH+0x0000019613129000'
Event: 2420.106 Thread 0x00000196111b3d60 Unloading class 0x0000019613114000 'java/lang/invoke/LambdaForm$DMH+0x0000019613114000'
Event: 2420.106 Thread 0x00000196111b3d60 Unloading class 0x00000196130aac00 'java/lang/invoke/LambdaForm$MH+0x00000196130aac00'
Event: 2420.106 Thread 0x00000196111b3d60 Unloading class 0x00000196130aa800 'java/lang/invoke/LambdaForm$MH+0x00000196130aa800'
Event: 2420.106 Thread 0x00000196111b3d60 Unloading class 0x00000196130aa400 'java/lang/invoke/LambdaForm$MH+0x00000196130aa400'
Event: 2420.106 Thread 0x00000196111b3d60 Unloading class 0x00000196130a8000 'java/lang/invoke/LambdaForm$MH+0x00000196130a8000'
Event: 2420.107 Thread 0x00000196111b3d60 Unloading class 0x000001961309c800 'java/lang/invoke/LambdaForm$MH+0x000001961309c800'
Event: 2420.107 Thread 0x00000196111b3d60 Unloading class 0x000001961302d000 'java/lang/invoke/LambdaForm$MH+0x000001961302d000'
Event: 2420.107 Thread 0x00000196111b3d60 Unloading class 0x000001961302c400 'java/lang/invoke/LambdaForm$MH+0x000001961302c400'
Event: 2420.107 Thread 0x00000196111b3d60 Unloading class 0x000001961302c000 'java/lang/invoke/LambdaForm$MH+0x000001961302c000'
Event: 2420.107 Thread 0x00000196111b3d60 Unloading class 0x000001961302b800 'java/lang/invoke/LambdaForm$MH+0x000001961302b800'
Event: 2420.107 Thread 0x00000196111b3d60 Unloading class 0x000001961302b400 'java/lang/invoke/LambdaForm$MH+0x000001961302b400'
Event: 2420.107 Thread 0x00000196111b3d60 Unloading class 0x000001961302b000 'java/lang/invoke/LambdaForm$MH+0x000001961302b000'
Event: 2420.107 Thread 0x00000196111b3d60 Unloading class 0x000001961302a400 'java/lang/invoke/LambdaForm$MH+0x000001961302a400'
Event: 2420.107 Thread 0x00000196111b3d60 Unloading class 0x0000019613028800 'java/lang/invoke/LambdaForm$MH+0x0000019613028800'
Event: 2420.107 Thread 0x00000196111b3d60 Unloading class 0x0000019613028000 'java/lang/invoke/LambdaForm$MH+0x0000019613028000'

Classes redefined (0 events):
No events

Internal exceptions (20 events):
Event: 5.706 Thread 0x0000019611cac260 Exception <a 'java/lang/NoSuchMethodError'{0x0000000087408248}: 'void java.lang.invoke.Invokers$Holder.invokeExact_MT(java.lang.Object, java.lang.Object, java.lang.Object, java.lang.Object)'> (0x0000000087408248) 
thrown [s\src\hotspot\share\interpreter\linkResolver.cpp, line 773]
Event: 5.807 Thread 0x0000019611cac260 Exception <a 'java/lang/NoSuchMethodError'{0x0000000086fdc1b0}: 'java.lang.Object java.lang.invoke.DirectMethodHandle$Holder.invokeStaticInit(java.lang.Object, java.lang.Object, int)'> (0x0000000086fdc1b0) 
thrown [s\src\hotspot\share\interpreter\linkResolver.cpp, line 773]
Event: 5.893 Thread 0x0000019611cac260 Exception <a 'java/lang/NoSuchMethodError'{0x0000000086475148}: 'java.lang.Object java.lang.invoke.DirectMethodHandle$Holder.newInvokeSpecial(java.lang.Object, java.lang.Object, java.lang.Object, java.lang.Object, java.lang.Object, java.lang.Object, java.lang.Object, java.lang.Object, java.lang.Object, java.lang.Object, java.lang.Object)'> (0x0000000086475148) 
thrown [s\src\hotspot\share\interpreter\linkResolver.cpp, line 773]
Event: 5.941 Thread 0x0000019611cac260 Exception <a 'java/lang/NoSuchMethodError'{0x00000000861a6d78}: 'java.lang.Object java.lang.invoke.DirectMethodHandle$Holder.invokeVirtual(java.lang.Object, java.lang.Object, java.lang.Object, int)'> (0x00000000861a6d78) 
thrown [s\src\hotspot\share\interpreter\linkResolver.cpp, line 773]
Event: 6.227 Thread 0x0000019611cac260 Exception <a 'java/lang/NoSuchMethodError'{0x0000000087178ae0}: 'java.lang.Object java.lang.invoke.DirectMethodHandle$Holder.invokeInterface(java.lang.Object, java.lang.Object, java.lang.Object, java.lang.Object)'> (0x0000000087178ae0) 
thrown [s\src\hotspot\share\interpreter\linkResolver.cpp, line 773]
Event: 6.273 Thread 0x0000019611cac260 Exception <a 'java/lang/NoSuchMethodError'{0x0000000086fd6f28}: 'java.lang.Object java.lang.invoke.DirectMethodHandle$Holder.invokeVirtual(java.lang.Object, java.lang.Object, int)'> (0x0000000086fd6f28) 
thrown [s\src\hotspot\share\interpreter\linkResolver.cpp, line 773]
Event: 6.330 Thread 0x0000019611cac260 Exception <a 'java/lang/IncompatibleClassChangeError'{0x0000000086cb01e0}: Found class java.lang.Object, but interface was expected> (0x0000000086cb01e0) 
thrown [s\src\hotspot\share\interpreter\linkResolver.cpp, line 840]
Event: 6.435 Thread 0x0000019611cac260 Exception <a 'java/lang/NoSuchMethodError'{0x0000000086895460}: 'int java.lang.invoke.DirectMethodHandle$Holder.invokeStaticInit(java.lang.Object, java.lang.Object, java.lang.Object, java.lang.Object)'> (0x0000000086895460) 
thrown [s\src\hotspot\share\interpreter\linkResolver.cpp, line 773]
Event: 6.529 Thread 0x0000019611cac260 Exception <a 'java/lang/IncompatibleClassChangeError'{0x000000008642ec10}: Found class java.lang.Object, but interface was expected> (0x000000008642ec10) 
thrown [s\src\hotspot\share\interpreter\linkResolver.cpp, line 840]
Event: 6.533 Thread 0x0000019611cac260 Implicit null exception at 0x0000019607c70a42 to 0x0000019607c70ab8
Event: 6.599 Thread 0x0000019611cac260 Exception <a 'java/lang/NoSuchMethodError'{0x0000000089676380}: 'java.lang.Object java.lang.invoke.DirectMethodHandle$Holder.newInvokeSpecial(java.lang.Object, java.lang.Object, int, java.lang.Object, java.lang.Object)'> (0x0000000089676380) 
thrown [s\src\hotspot\share\interpreter\linkResolver.cpp, line 773]
Event: 6.599 Thread 0x0000019611cac260 Exception <a 'java/lang/NoSuchMethodError'{0x000000008967a238}: 'java.lang.Object java.lang.invoke.DirectMethodHandle$Holder.invokeSpecial(java.lang.Object, java.lang.Object, java.lang.Object, int, java.lang.Object, java.lang.Object)'> (0x000000008967a238) 
thrown [s\src\hotspot\share\interpreter\linkResolver.cpp, line 773]
Event: 2243.304 Thread 0x000001965b60d540 Exception <a 'java/io/IOException'{0x0000000086678190}> (0x0000000086678190) 
thrown [s\src\hotspot\share\prims\jni.cpp, line 520]
Event: 2243.317 Thread 0x000001965b60d540 Exception <a 'java/io/IOException'{0x00000000866794e0}> (0x00000000866794e0) 
thrown [s\src\hotspot\share\prims\jni.cpp, line 520]
Event: 2286.758 Thread 0x000001965b610330 Exception <a 'java/lang/NoSuchMethodError'{0x0000000089491be0}: 'java.lang.Object java.lang.invoke.DirectMethodHandle$Holder.invokeStatic(java.lang.Object, java.lang.Object, java.lang.Object, int, int)'> (0x0000000089491be0) 
thrown [s\src\hotspot\share\interpreter\linkResolver.cpp, line 773]
Event: 2286.774 Thread 0x000001965b610330 Exception <a 'java/lang/NoSuchMethodError'{0x0000000089495598}: 'java.lang.Object java.lang.invoke.DirectMethodHandle$Holder.invokeStaticInit(java.lang.Object, java.lang.Object, java.lang.Object, int, int)'> (0x0000000089495598) 
thrown [s\src\hotspot\share\interpreter\linkResolver.cpp, line 773]
Event: 2287.901 Thread 0x000001965b60a0c0 Exception <a 'java/lang/NoSuchMethodError'{0x00000000893c1df0}: 'java.lang.Object java.lang.invoke.DirectMethodHandle$Holder.invokeSpecial(java.lang.Object, java.lang.Object, java.lang.Object, java.lang.Object, java.lang.Object, long)'> (0x00000000893c1df0) 
thrown [s\src\hotspot\share\interpreter\linkResolver.cpp, line 773]
Event: 2287.902 Thread 0x000001965b60a0c0 Exception <a 'java/lang/NoSuchMethodError'{0x00000000893c5578}: 'java.lang.Object java.lang.invoke.Invokers$Holder.linkToTargetMethod(java.lang.Object, java.lang.Object, java.lang.Object, long, java.lang.Object)'> (0x00000000893c5578) 
thrown [s\src\hotspot\share\interpreter\linkResolver.cpp, line 773]
Event: 2290.236 Thread 0x000001965b60a0c0 Exception <a 'java/lang/NoClassDefFoundError'{0x000000008769d340}: com/fasterxml/jackson/databind/ObjectMapper> (0x000000008769d340) 
thrown [s\src\hotspot\share\classfile\systemDictionary.cpp, line 301]
Event: 2291.311 Thread 0x000001965b60a750 Exception <a 'java/lang/NoSuchMethodError'{0x0000000086dc4408}: 'java.lang.Object java.lang.invoke.DirectMethodHandle$Holder.invokeStatic(java.lang.Object, int, int)'> (0x0000000086dc4408) 
thrown [s\src\hotspot\share\interpreter\linkResolver.cpp, line 773]

ZGC Phase Switch (0 events):
No events

VM Operations (20 events):
Event: 2351.189 Executing VM operation: HandshakeAllThreads (HandshakeForDeflation)
Event: 2351.190 Executing VM operation: HandshakeAllThreads (HandshakeForDeflation) done
Event: 2351.190 Executing VM operation: RendezvousGCThreads
Event: 2351.190 Executing VM operation: RendezvousGCThreads done
Event: 2352.198 Executing VM operation: Cleanup
Event: 2352.199 Executing VM operation: Cleanup done
Event: 2359.253 Executing VM operation: Cleanup
Event: 2359.253 Executing VM operation: Cleanup done
Event: 2364.276 Executing VM operation: Cleanup
Event: 2364.276 Executing VM operation: Cleanup done
Event: 2391.504 Executing VM operation: Cleanup
Event: 2391.504 Executing VM operation: Cleanup done
Event: 2411.312 Executing VM operation: HandshakeAllThreads (HandshakeForDeflation)
Event: 2411.312 Executing VM operation: HandshakeAllThreads (HandshakeForDeflation) done
Event: 2411.312 Executing VM operation: RendezvousGCThreads
Event: 2411.312 Executing VM operation: RendezvousGCThreads done
Event: 2419.960 Executing VM operation: G1CollectForAllocation (G1 Evacuation Pause)
Event: 2420.039 Executing VM operation: G1CollectForAllocation (G1 Evacuation Pause) done
Event: 2420.095 Executing VM operation: G1PauseRemark
Event: 2420.401 Executing VM operation: G1PauseRemark done

Memory protections (0 events):
No events

Nmethod flushes (20 events):
Event: 2420.368 Thread 0x00000196111b3d60 flushing  nmethod 0x0000019600867310
Event: 2420.368 Thread 0x00000196111b3d60 flushing  nmethod 0x000001960086b590
Event: 2420.368 Thread 0x00000196111b3d60 flushing  nmethod 0x0000019600871f90
Event: 2420.368 Thread 0x00000196111b3d60 flushing  nmethod 0x0000019600872390
Event: 2420.368 Thread 0x00000196111b3d60 flushing  nmethod 0x000001960089e510
Event: 2420.368 Thread 0x00000196111b3d60 flushing  nmethod 0x000001960089ed10
Event: 2420.368 Thread 0x00000196111b3d60 flushing  nmethod 0x000001960089fc90
Event: 2420.368 Thread 0x00000196111b3d60 flushing  nmethod 0x00000196008a0190
Event: 2420.368 Thread 0x00000196111b3d60 flushing  nmethod 0x00000196008b1a10
Event: 2420.368 Thread 0x00000196111b3d60 flushing  nmethod 0x00000196008b6d10
Event: 2420.368 Thread 0x00000196111b3d60 flushing  nmethod 0x00000196008b7990
Event: 2420.368 Thread 0x00000196111b3d60 flushing  nmethod 0x00000196008f7010
Event: 2420.368 Thread 0x00000196111b3d60 flushing  nmethod 0x00000196008f8910
Event: 2420.369 Thread 0x00000196111b3d60 flushing  nmethod 0x000001960090d110
Event: 2420.369 Thread 0x00000196111b3d60 flushing  nmethod 0x0000019600ac1410
Event: 2420.369 Thread 0x00000196111b3d60 flushing  nmethod 0x0000019600bdc310
Event: 2420.369 Thread 0x00000196111b3d60 flushing  nmethod 0x0000019600bdc890
Event: 2420.369 Thread 0x00000196111b3d60 flushing  nmethod 0x0000019600bdfe90
Event: 2420.369 Thread 0x00000196111b3d60 flushing  nmethod 0x0000019600be4410
Event: 2420.369 Thread 0x00000196111b3d60 flushing  nmethod 0x0000019600be4c90

Events (20 events):
Event: 6.606 Thread 0x0000019611cac260 Thread added: 0x000001965b60b470
Event: 6.606 Thread 0x0000019611cac260 Thread added: 0x000001965b60c190
Event: 6.607 Thread 0x0000019611cac260 Thread added: 0x000001965b60bb00
Event: 6.607 Thread 0x0000019611cac260 Thread added: 0x000001965b608d10
Event: 6.607 Thread 0x0000019611cac260 Thread added: 0x000001965b6093a0
Event: 6.607 Thread 0x0000019611cac260 Thread added: 0x000001965b60fca0
Event: 6.607 Thread 0x0000019611cac260 Thread added: 0x000001965b60c820
Event: 6.611 Thread 0x0000019611cac260 Thread added: 0x000001965b60ceb0
Event: 6.612 Thread 0x0000019611cac260 Thread added: 0x000001965b610330
Event: 6.628 Thread 0x0000019611cac260 Thread exited: 0x0000019611cac260
Event: 6.630 Thread 0x00000196571c4640 Thread exited: 0x00000196571c4640
Event: 6.630 Thread 0x0000019677371350 Thread exited: 0x0000019677371350
Event: 6.631 Thread 0x000001965b60e260 Thread added: 0x000001965b60e260
Event: 7.167 Thread 0x0000019659c784b0 Thread exited: 0x0000019659c784b0
Event: 7.169 Thread 0x0000019659c75500 Thread exited: 0x0000019659c75500
Event: 9.710 Thread 0x000001965758c060 Thread exited: 0x000001965758c060
Event: 2242.839 Thread 0x000001965758e7c0 Thread added: 0x000001965b60d540
Event: 2243.347 Thread 0x000001965b60d540 Thread added: 0x000001965b60dbd0
Event: 2248.372 Thread 0x000001965b60d540 Thread exited: 0x000001965b60d540
Event: 2249.226 Thread 0x000001965b60dbd0 Thread exited: 0x000001965b60dbd0


Dynamic libraries:
0x00007ff678130000 - 0x00007ff67813e000 	C:\Users\chirag rawat\.vscode\extensions\redhat.java-1.50.0-win32-x64\jre\21.0.9-win32-x86_64\bin\java.exe
0x00007ff818100000 - 0x00007ff818367000 	C:\WINDOWS\SYSTEM32\ntdll.dll
0x00007ff816e70000 - 0x00007ff816f39000 	C:\WINDOWS\System32\KERNEL32.DLL
0x00007ff815830000 - 0x00007ff815c1f000 	C:\WINDOWS\System32\KERNELBASE.dll
0x00007ff8156e0000 - 0x00007ff81582b000 	C:\WINDOWS\System32\ucrtbase.dll
0x00007fff862e0000 - 0x00007fff862f8000 	C:\Users\chirag rawat\.vscode\extensions\redhat.java-1.50.0-win32-x64\jre\21.0.9-win32-x86_64\bin\jli.dll
0x00007fff862c0000 - 0x00007fff862de000 	C:\Users\chirag rawat\.vscode\extensions\redhat.java-1.50.0-win32-x64\jre\21.0.9-win32-x86_64\bin\VCRUNTIME140.dll
0x00007ff816f40000 - 0x00007ff817105000 	C:\WINDOWS\System32\USER32.dll
0x00007ffffb9a0000 - 0x00007ffffbc33000 	C:\WINDOWS\WinSxS\amd64_microsoft.windows.common-controls_6595b64144ccf1df_6.0.26100.7309_none_3e05feeae336a044\COMCTL32.dll
0x00007ff815250000 - 0x00007ff815277000 	C:\WINDOWS\System32\win32u.dll
0x00007ff818020000 - 0x00007ff81804b000 	C:\WINDOWS\System32\GDI32.dll
0x00007ff817ba0000 - 0x00007ff817c49000 	C:\WINDOWS\System32\msvcrt.dll
0x00007ff815ce0000 - 0x00007ff815e0c000 	C:\WINDOWS\System32\gdi32full.dll
0x00007ff815280000 - 0x00007ff815323000 	C:\WINDOWS\System32\msvcp_win.dll
0x00007ff817c50000 - 0x00007ff817c81000 	C:\WINDOWS\System32\IMM32.DLL
0x00007ff80dbd0000 - 0x00007ff80dbdc000 	C:\Users\chirag rawat\.vscode\extensions\redhat.java-1.50.0-win32-x64\jre\21.0.9-win32-x86_64\bin\vcruntime140_1.dll
0x00007fff86230000 - 0x00007fff862bd000 	C:\Users\chirag rawat\.vscode\extensions\redhat.java-1.50.0-win32-x64\jre\21.0.9-win32-x86_64\bin\msvcp140.dll
0x00007fff81f00000 - 0x00007fff82ca0000 	C:\Users\chirag rawat\.vscode\extensions\redhat.java-1.50.0-win32-x64\jre\21.0.9-win32-x86_64\bin\server\jvm.dll
0x00007ff816be0000 - 0x00007ff816c94000 	C:\WINDOWS\System32\ADVAPI32.dll
0x00007ff817630000 - 0x00007ff8176d6000 	C:\WINDOWS\System32\sechost.dll
0x00007ff816ac0000 - 0x00007ff816bd8000 	C:\WINDOWS\System32\RPCRT4.dll
0x00007ff8173c0000 - 0x00007ff817434000 	C:\WINDOWS\System32\WS2_32.dll
0x00007ff813e60000 - 0x00007ff813ebe000 	C:\WINDOWS\SYSTEM32\POWRPROF.dll
0x00007ff80dee0000 - 0x00007ff80deeb000 	C:\WINDOWS\SYSTEM32\VERSION.dll
0x00007ff808290000 - 0x00007ff8082c5000 	C:\WINDOWS\SYSTEM32\WINMM.dll
0x00007ff813e40000 - 0x00007ff813e54000 	C:\WINDOWS\SYSTEM32\UMPDC.dll
0x00007ff814120000 - 0x00007ff81413b000 	C:\WINDOWS\SYSTEM32\kernel.appcore.dll
0x00007fffda370000 - 0x00007fffda37a000 	C:\Users\chirag rawat\.vscode\extensions\redhat.java-1.50.0-win32-x64\jre\21.0.9-win32-x86_64\bin\jimage.dll
0x00007ff812870000 - 0x00007ff812ab2000 	C:\WINDOWS\SYSTEM32\DBGHELP.DLL
0x00007ff817c90000 - 0x00007ff818015000 	C:\WINDOWS\System32\combase.dll
0x00007ff8176f0000 - 0x00007ff8177c6000 	C:\WINDOWS\System32\OLEAUT32.dll
0x00007ffff5860000 - 0x00007ffff589c000 	C:\WINDOWS\SYSTEM32\dbgcore.DLL
0x00007ff815c30000 - 0x00007ff815cd5000 	C:\WINDOWS\System32\bcryptPrimitives.dll
0x00007fff86210000 - 0x00007fff86230000 	C:\Users\chirag rawat\.vscode\extensions\redhat.java-1.50.0-win32-x64\jre\21.0.9-win32-x86_64\bin\java.dll
0x00007ff816330000 - 0x00007ff816a83000 	C:\WINDOWS\System32\SHELL32.dll
0x00007ff815330000 - 0x00007ff81549a000 	C:\WINDOWS\System32\wintypes.dll
0x00007ff812e40000 - 0x00007ff81369e000 	C:\WINDOWS\SYSTEM32\windows.storage.dll
0x00007ff8172c0000 - 0x00007ff8173b5000 	C:\WINDOWS\System32\SHCORE.dll
0x00007ff818050000 - 0x00007ff8180b6000 	C:\WINDOWS\System32\shlwapi.dll
0x00007ff815170000 - 0x00007ff815199000 	C:\WINDOWS\SYSTEM32\profapi.dll
0x00007fffcf330000 - 0x00007fffcf348000 	C:\Users\chirag rawat\.vscode\extensions\redhat.java-1.50.0-win32-x64\jre\21.0.9-win32-x86_64\bin\zip.dll
0x00007fffd9f00000 - 0x00007fffd9f10000 	C:\Users\chirag rawat\.vscode\extensions\redhat.java-1.50.0-win32-x64\jre\21.0.9-win32-x86_64\bin\net.dll
0x00007ff80ed30000 - 0x00007ff80ee58000 	C:\WINDOWS\SYSTEM32\WINHTTP.dll
0x00007ff814690000 - 0x00007ff8146fb000 	C:\WINDOWS\system32\mswsock.dll
0x00007fffcf310000 - 0x00007fffcf326000 	C:\Users\chirag rawat\.vscode\extensions\redhat.java-1.50.0-win32-x64\jre\21.0.9-win32-x86_64\bin\nio.dll
0x00007ffff4c10000 - 0x00007ffff4c1a000 	C:\Users\chirag rawat\.vscode\extensions\redhat.java-1.50.0-win32-x64\jre\21.0.9-win32-x86_64\bin\management.dll
0x00007ffff4c00000 - 0x00007ffff4c0c000 	C:\Users\chirag rawat\.vscode\extensions\redhat.java-1.50.0-win32-x64\jre\21.0.9-win32-x86_64\bin\management_ext.dll
0x00007ff8172b0000 - 0x00007ff8172b8000 	C:\WINDOWS\System32\PSAPI.DLL
0x00007ff80d910000 - 0x00007ff80d91e000 	C:\Users\chirag rawat\.vscode\extensions\redhat.java-1.50.0-win32-x64\jre\21.0.9-win32-x86_64\bin\sunmscapi.dll
0x00007ff8154a0000 - 0x00007ff815617000 	C:\WINDOWS\System32\CRYPT32.dll
0x00007ff814b70000 - 0x00007ff814ba0000 	C:\WINDOWS\SYSTEM32\ncrypt.dll
0x00007ff814b20000 - 0x00007ff814b5f000 	C:\WINDOWS\SYSTEM32\NTASN1.dll
0x00007ff814950000 - 0x00007ff81496b000 	C:\WINDOWS\SYSTEM32\CRYPTSP.dll
0x00007ff814080000 - 0x00007ff8140ba000 	C:\WINDOWS\system32\rsaenh.dll
0x00007ff814740000 - 0x00007ff81476b000 	C:\WINDOWS\SYSTEM32\USERENV.dll
0x00007ff815140000 - 0x00007ff81516a000 	C:\WINDOWS\SYSTEM32\bcrypt.dll
0x00007ff814970000 - 0x00007ff81497c000 	C:\WINDOWS\SYSTEM32\CRYPTBASE.dll
0x00007ff813ab0000 - 0x00007ff813ae4000 	C:\WINDOWS\SYSTEM32\IPHLPAPI.DLL
0x00007ff816ca0000 - 0x00007ff816caa000 	C:\WINDOWS\System32\NSI.dll
0x00007ff813b50000 - 0x00007ff813c7c000 	C:\WINDOWS\SYSTEM32\DNSAPI.dll
0x00007ff80e3b0000 - 0x00007ff80e3bb000 	C:\Windows\System32\rasadhlp.dll
0x00007ff80f9d0000 - 0x00007ff80fa56000 	C:\WINDOWS\System32\fwpuclnt.dll
0x00007fffdf2e0000 - 0x00007fffdf2e9000 	C:\Users\chirag rawat\.vscode\extensions\redhat.java-1.50.0-win32-x64\jre\21.0.9-win32-x86_64\bin\extnet.dll
0x00007fffdf2f0000 - 0x00007fffdf2f8000 	C:\WINDOWS\system32\wshunix.dll

JVMTI agents: none

dbghelp: loaded successfully - version: 4.0.5 - missing functions: none
symbol engine: initialized successfully - sym options: 0x614 - pdb path: .;C:\Users\chirag rawat\.vscode\extensions\redhat.java-1.50.0-win32-x64\jre\21.0.9-win32-x86_64\bin;C:\WINDOWS\SYSTEM32;C:\WINDOWS\WinSxS\amd64_microsoft.windows.common-controls_6595b64144ccf1df_6.0.26100.7309_none_3e05feeae336a044;C:\Users\chirag rawat\.vscode\extensions\redhat.java-1.50.0-win32-x64\jre\21.0.9-win32-x86_64\bin\server

VM Arguments:
jvm_args: -XX:+ShowCodeDetailsInExceptionMessages 
java_command: com.scm.Application
java_class_path (initial): C:\Users\chirag rawat\Documents\workspace-spring-tools-for-eclipse-4.31.0.RELEASE\SCM2.0\target\classes;C:\Users\chirag rawat\.m2\repository\org\springframework\boot\spring-boot-starter-data-jpa\4.0.0\spring-boot-starter-data-jpa-4.0.0.jar;C:\Users\chirag rawat\.m2\repository\org\springframework\boot\spring-boot-starter\4.0.0\spring-boot-starter-4.0.0.jar;C:\Users\chirag rawat\.m2\repository\org\springframework\boot\spring-boot-starter-logging\4.0.0\spring-boot-starter-logging-4.0.0.jar;C:\Users\chirag rawat\.m2\repository\ch\qos\logback\logback-classic\1.5.21\logback-classic-1.5.21.jar;C:\Users\chirag rawat\.m2\repository\ch\qos\logback\logback-core\1.5.21\logback-core-1.5.21.jar;C:\Users\chirag rawat\.m2\repository\org\apache\logging\log4j\log4j-to-slf4j\2.25.2\log4j-to-slf4j-2.25.2.jar;C:\Users\chirag rawat\.m2\repository\org\apache\logging\log4j\log4j-api\2.25.2\log4j-api-2.25.2.jar;C:\Users\chirag rawat\.m2\repository\org\slf4j\jul-to-slf4j\2.0.17\jul-to-slf4j-2.0.17.jar;C:\Users\chirag rawat\.m2\repository\jakarta\annotation\jakarta.annotation-api\3.0.0\jakarta.annotation-api-3.0.0.jar;C:\Users\chirag rawat\.m2\repository\org\yaml\snakeyaml\2.5\snakeyaml-2.5.jar;C:\Users\chirag rawat\.m2\repository\org\springframework\boot\spring-boot-starter-jdbc\4.0.0\spring-boot-starter-jdbc-4.0.0.jar;C:\Users\chirag rawat\.m2\repository\com\zaxxer\HikariCP\7.0.2\HikariCP-7.0.2.jar;C:\Users\chirag rawat\.m2\repository\org\slf4j\slf4j-api\2.0.17\slf4j-api-2.0.17.jar;C:\Users\chirag rawat\.m2\repository\org\springframework\boot\spring-boot-data-jpa\4.0.0\spring-boot-data-jpa-4.0.0.jar;C:\Users\chirag rawat\.m2\repository\org\springframework\boot\spring-boot-data-commons\4.0.0\spring-boot-data-commons-4.0.0.jar;C:\Users\chirag rawat\.m2\repository\org\springframework\boot\spring-boot-persistence\4.0.0\spring-boot-persistence-4.0.0.jar;C:\Users\chirag rawat\.m2\repository\org\springframework\data\spring-data-commons\4.0.0\spring-data-commons-4.0.0.jar;C:\Users\chirag rawat\.m2\repository\org\springframework\boot\spring-boot-hibernate\4.0.0\spring-boot-hibernate-4.0.0.jar;C:\Users\chirag rawat\.m2\repository\org\springframework\boot\spring-boot-jpa\4.0.0\spring-boot-jpa-4.0.0.jar;C:\Users\chirag rawat\.m2\repository\jakarta\persistence\jakarta.persistence-api\3.2.0\jakarta.persistence-api-3.2.0.jar;C:\Users\chirag rawat\.m2\repository\org\hibernate\orm\hibernate-core\7.1.8.Final\hibernate-core-7.1.8.Final.jar;C:\Users\chirag rawat\.m2\repository\jakarta\transaction\jakarta.transaction-api\2.0.1\jakarta.transaction-api-2.0.1.jar;C:\Users\chirag rawat\.m2\repository\org\hibernate\models\hibernate-models\1.0.1\hibernate-models-1.0.1.jar;C:\Users\chirag rawat\.m2\repository\org\glassfish\jaxb\jaxb-runtime\4.0.6\jaxb-runtime-4.0.6.jar;C:\Users\chirag rawat\.m2\repository\org\glassfish\jaxb\jaxb-core\4.0.6\jaxb-core-4.0.6.jar;C:\Users\chirag rawat\.m2\repository\org\eclipse\angus\angus-activation\2.0.3\angus-activation-2.0.3.jar;C:\Users\chirag rawat\.m2\repository\org\glassfish\jaxb\txw2\4.0.6\txw2-4.0.6.jar;C:\Users\chirag rawat\.m2\repository\com\sun\istack\istack-commons-runtime\4.1.2\istack-commons-runtime-4.1.2.jar;C:\Users\chirag rawat\.m2\repository\jakarta\inject\jakarta.inject-api\2.0.1\jakarta.inject-api-2.0.1.jar;C:\Users\chirag rawat\.m2\repository\org\springframework\spring-orm\7.0.1\spring-orm-7.0.1.jar;C:\Users\chirag rawat\.m2\repository\org\springframework\data\spring-data-jpa\4.0.0\spring-data-jpa-4.0.0.jar;C:\Users\chirag rawat\.m2\repository\org\springframework\spring-tx\7.0.1\spring-tx-7.0.1.jar;C:\Users\chirag rawat\.m2\repository\org\antlr\antlr4-runtime\4.13.2\antlr4-runtime-4.13.2.jar;C:\Users\chirag rawat\.m2\repository\org\springframework\spring-aspects\7.0.1\spring-aspects-7.0.1.jar;C:\Users\chirag rawat\.m2\repository\org\aspectj\aspectjweaver\1.9.25\aspectjweaver-1.9.25.jar;C:\Users\chirag rawat\.m2\repository\org\springframework\boot\spring-boot-jdbc\4.0.0\spring-boot-jdbc-4.0.0.jar;C:\Users\chirag rawat\.m2\repository\org\springframework\boot\spring-boot-sql\4.0.0\spring-boot-sql-4.0.0.jar;C:\Users\chirag rawat\.m2\repository\org\springframework\boot\spring-boot-transaction\4.0.0\spring-boot-transaction-4.0.0.jar;C:\Users\chirag rawat\.m2\repository\org\springframework\spring-jdbc\7.0.1\spring-jdbc-7.0.1.jar;C:\Users\chirag rawat\.m2\repository\org\springframework\boot\spring-boot-starter-thymeleaf\4.0.0\spring-boot-starter-thymeleaf-4.0.0.jar;C:\Users\chirag rawat\.m2\repository\org\springframework\boot\spring-boot-thymeleaf\4.0.0\spring-boot-thymeleaf-4.0.0.jar;C:\Users\chirag rawat\.m2\repository\org\thymeleaf\thymeleaf-spring6\3.1.3.RELEASE\thymeleaf-spring6-3.1.3.RELEASE.jar;C:\Users\chirag rawat\.m2\repository\org\thymeleaf\thymeleaf\3.1.3.RELEASE\thymeleaf-3.1.3.RELEASE.jar;C:\Users\chirag rawat\.m2\repository\org\attoparser\attoparser\2.0.7.RELEASE\attoparser-2.0.7.RELEASE.jar;C:\Users\chirag rawat\.m2\repository\org\unbescape\unbescape\1.1.6.RELEASE\unbescape-1.1.6.RELEASE.jar;C:\Users\chirag rawat\.m2\repository\org\springframework\spring-web\7.0.1\spring-web-7.0.1.jar;C:\Users\chirag rawat\.m2\repository\io\micrometer\micrometer-observation\1.16.0\micrometer-observation-1.16.0.jar;C:\Users\chirag rawat\.m2\repository\io\micrometer\micrometer-commons\1.16.0\micrometer-commons-1.16.0.jar;C:\Users\chirag rawat\.m2\repository\org\springframework\boot\spring-boot-starter-validation\4.0.0\spring-boot-starter-validation-4.0.0.jar;C:\Users\chirag rawat\.m2\repository\org\springframework\boot\spring-boot-validation\4.0.0\spring-boot-validation-4.0.0.jar;C:\Users\chirag rawat\.m2\repository\org\apache\tomcat\embed\tomcat-embed-el\11.0.14\tomcat-embed-el-11.0.14.jar;C:\Users\chirag rawat\.m2\repository\org\hibernate\validator\hibernate-validator\9.0.1.Final\hibernate-validator-9.0.1.Final.jar;C:\Users\chirag rawat\.m2\repository\jakarta\validation\jakarta.validation-api\3.1.1\jakarta.validation-api-3.1.1.jar;C:\Users\chirag rawat\.m2\repository\org\jboss\logging\jboss-logging\3.6.1.Final\jboss-logging-3.6.1.Final.jar;C:\Users\chirag rawat\.m2\repository\com\fasterxml\classmate\1.7.1\classmate-1.7.1.jar;C:\Users\chirag rawat\.m2\repository\org\springframework\boot\spring-boot-starter-webmvc\4.0.0\spring-boot-starter-webmvc-4.0.0.jar;C:\Users\chirag rawat\.m2\repository\org\springframework\boot\spring-boot-starter-jackson\4.0.0\spring-boot-starter-jackson-4.0.0.jar;C:\Users\chirag rawat\.m2\repository\org\springframework\boot\spring-boot-jackson\4.0.0\spring-boot-jackson-4.0.0.jar;C:\Users\chirag rawat\.m2\repository\tools\jackson\core\jackson-databind\3.0.2\jackson-databind-3.0.2.jar;C:\Users\chirag rawat\.m2\repository\com\fasterxml\jackson\core\jackson-annotations\2.20\jackson-annotations-2.20.jar;C:\Users\chirag rawat\.m2\repository\tools\jackson\core\jackson-core\3.0.2\jackson-core-3.0.2.jar;C:\Users\chirag rawat\.m2\repository\org\springframework\boot\spring-boot-starter-tomcat\4.0.0\spring-boot-starter-tomcat-4.0.0.jar;C:\Users\chirag rawat\.m2\repository\org\springframework\boot\spring-boot-starter-tomcat-runtime\4.0.0\spring-boot-starter-tomcat-runtime-4.0.0.jar;C:\Users\chirag rawat\.m2\repository\org\apache\tomcat\embed\tomcat-embed-core\11.0.14\tomcat-embed-core-11.0.14.jar;C:\Users\chirag rawat\.m2\repository\org\apache\tomcat\embed\tomcat-embed-websocket\11.0.14\tomcat-embed-websocket-11.0.14.jar;C:\Users\chirag rawat\.m2\repository\org\springframework\boot\spring-boot-tomcat\4.0.0\spring-boot-tomcat-4.0.0.jar;C:\Users\chirag rawat\.m2\repository\org\springframework\boot\spring-boot-http-converter\4.0.0\spring-boot-http-converter-4.0.0.jar;C:\Users\chirag rawat\.m2\repository\org\springframework\boot\spring-boot-webmvc\4.0.0\spring-boot-webmvc-4.0.0.jar;C:\Users\chirag rawat\.m2\repository\org\springframework\boot\spring-boot-servlet\4.0.0\spring-boot-servlet-4.0.0.jar;C:\Users\chirag rawat\.m2\repository\org\springframework\spring-webmvc\7.0.1\spring-webmvc-7.0.1.jar;C:\Users\chirag rawat\.m2\repository\org\springframework\spring-expression\7.0.1\spring-expression-7.0.1.jar;C:\Users\chirag rawat\.m2\repository\org\springframework\boot\spring-boot-devtools\4.0.0\spring-boot-devtools-4.0.0.jar;C:\Users\chirag rawat\.m2\repository\org\springframework\boot\spring-boot\4.0.0\spring-boot-4.0.0.jar;C:\Users\chirag rawat\.m2\repository\org\springframework\spring-core\7.0.1\spring-core-7.0.1.jar;C:\Users\chirag rawat\.m2\repository\commons-logging\commons-logging\1.3.5\commons-logging-1.3.5.jar;C:\Users\chirag rawat\.m2\repository\org\jspecify\jspecify\1.0.0\jspecify-1.0.0.jar;C:\Users\chirag rawat\.m2\repository\org\springframework\spring-context\7.0.1\spring-context-7.0.1.jar;C:\Users\chirag rawat\.m2\repository\org\springframework\boot\spring-boot-autoconfigure\4.0.0\spring-boot-autoconfigure-4.0.0.jar;C:\Users\chirag rawat\.m2\repository\com\mysql\mysql-connector-j\9.5.0\mysql-connector-j-9.5.0.jar;C:\Users\chirag rawat\.m2\repository\org\projectlombok\lombok\1.18.42\lombok-1.18.42.jar;C:\Users\chirag rawat\.m2\repository\jakarta\xml\bind\jakarta.xml.bind-api\4.0.4\jakarta.xml.bind-api-4.0.4.jar;C:\Users\chirag rawat\.m2\repository\jakarta\activation\jakarta.activation-api\2.1.4\jakarta.activation-api-2.1.4.jar;C:\Users\chirag rawat\.m2\repository\net\minidev\json-smart\2.6.0\json-smart-2.6.0.jar;C:\Users\chirag rawat\.m2\repository\net\minidev\accessors-smart\2.6.0\accessors-smart-2.6.0.jar;C:\Users\chirag rawat\.m2\repository\org\ow2\asm\asm\9.7.1\asm-9.7.1.jar;C:\Users\chirag rawat\.m2\repository\net\bytebuddy\byte-buddy\1.17.8\byte-buddy-1.17.8.jar;C:\Users\chirag rawat\.m2\repository\org\springframework\boot\spring-boot-web-server\4.0.0\spring-boot-web-server-4.0.0.jar;C:\Users\chirag rawat\.m2\repository\org\springframework\boot\spring-boot-starter-security\4.0.0\spring-boot-starter-security-4.0.0.jar;C:\Users\chirag rawat\.m2\repository\org\springframework\boot\spring-boot-security\4.0.0\spring-boot-security-4.0.0.jar;C:\Users\chirag rawat\.m2\repository\org\springframework\security\spring-security-config\7.0.0\spring-security-config-7.0.0.jar;C:\Users\chirag rawat\.m2\repository\org\springframework\security\spring-security-web\7.0.0\spring-security-web-7.0.0.jar;C:\Users\chirag rawat\.m2\repository\org\springframework\spring-aop\7.0.1\spring-aop-7.0.1.jar;C:\Users\chirag rawat\.m2\repository\org\springframework\spring-beans\7.0.1\spring-beans-7.0.1.jar;C:\Users\chirag rawat\.m2\repository\org\springframework\boot\spring-boot-starter-security-oauth2-client\4.0.0\spring-boot-starter-security-oauth2-client-4.0.0.jar;C:\Users\chirag rawat\.m2\repository\org\springframework\boot\spring-boot-security-oauth2-client\4.0.0\spring-boot-security-oauth2-client-4.0.0.jar;C:\Users\chirag rawat\.m2\repository\org\springframework\security\spring-security-oauth2-client\7.0.0\spring-security-oauth2-client-7.0.0.jar;C:\Users\chirag rawat\.m2\repository\com\nimbusds\oauth2-oidc-sdk\11.26.1\oauth2-oidc-sdk-11.26.1.jar;C:\Users\chirag rawat\.m2\repository\com\github\stephenc\jcip\jcip-annotations\1.0-1\jcip-annotations-1.0-1.jar;C:\Users\chirag rawat\.m2\repository\com\nimbusds\content-type\2.3\content-type-2.3.jar;C:\Users\chirag rawat\.m2\repository\com\nimbusds\lang-tag\1.7\lang-tag-1.7.jar;C:\Users\chirag rawat\.m2\repository\org\springframework\security\spring-security-oauth2-jose\7.0.0\spring-security-oauth2-jose-7.0.0.jar;C:\Users\chirag rawat\.m2\repository\org\springframework\security\spring-security-core\7.0.0\spring-security-core-7.0.0.jar;C:\Users\chirag rawat\.m2\repository\org\springframework\security\spring-security-crypto\7.0.0\spring-security-crypto-7.0.0.jar;C:\Users\chirag rawat\.m2\repository\org\springframework\security\spring-security-oauth2-core\7.0.0\spring-security-oauth2-core-7.0.0.jar;C:\Users\chirag rawat\.m2\repository\com\nimbusds\nimbus-jose-jwt\10.4\nimbus-jose-jwt-10.4.jar
Launcher Type: SUN_STANDARD

[Global flags]
     intx CICompilerCount                          = 4                                         {product} {ergonomic}
     uint ConcGCThreads                            = 3                                         {product} {ergonomic}
     uint G1ConcRefinementThreads                  = 10                                        {product} {ergonomic}
   size_t G1HeapRegionSize                         = 1048576                                   {product} {ergonomic}
    uintx GCDrainStackTargetSize                   = 64                                        {product} {ergonomic}
   size_t InitialHeapSize                          = 130023424                                 {product} {ergonomic}
   size_t MarkStackSize                            = 4194304                                   {product} {ergonomic}
   size_t MaxHeapSize                              = 2080374784                                {product} {ergonomic}
   size_t MaxNewSize                               = 1247805440                                {product} {ergonomic}
   size_t MinHeapDeltaBytes                        = 1048576                                   {product} {ergonomic}
   size_t MinHeapSize                              = 8388608                                   {product} {ergonomic}
    uintx NonNMethodCodeHeapSize                   = 5839372                                {pd product} {ergonomic}
    uintx NonProfiledCodeHeapSize                  = 122909434                              {pd product} {ergonomic}
    uintx ProfiledCodeHeapSize                     = 122909434                              {pd product} {ergonomic}
    uintx ReservedCodeCacheSize                    = 251658240                              {pd product} {ergonomic}
     bool SegmentedCodeCache                       = true                                      {product} {ergonomic}
     bool ShowCodeDetailsInExceptionMessages       = true                                   {manageable} {command line}
   size_t SoftMaxHeapSize                          = 2080374784                             {manageable} {ergonomic}
     bool UseCompressedOops                        = true                           {product lp64_product} {ergonomic}
     bool UseG1GC                                  = true                                      {product} {ergonomic}
     bool UseLargePagesIndividualAllocation        = false                                  {pd product} {ergonomic}

Logging:
Log output configuration:
 #0: stdout all=warning uptime,level,tags foldmultilines=false
 #1: stderr all=off uptime,level,tags foldmultilines=false

Release file:
JAVA_VERSION="21.0.9" 
MODULES="java.base java.compiler java.datatransfer java.xml java.prefs java.desktop java.instrument java.logging java.management java.security.sasl java.naming java.rmi java.management.rmi java.net.http java.scripting java.security.jgss java.transaction.xa java.sql java.sql.rowset java.xml.crypto java.se java.smartcardio jdk.accessibility jdk.internal.jvmstat jdk.attach jdk.charsets jdk.internal.opt jdk.zipfs jdk.compiler jdk.crypto.ec jdk.crypto.cryptoki jdk.crypto.mscapi jdk.dynalink jdk.internal.ed jdk.editpad jdk.hotspot.agent jdk.httpserver jdk.internal.le jdk.internal.vm.ci jdk.internal.vm.compiler jdk.internal.vm.compiler.management jdk.jartool jdk.javadoc jdk.jcmd jdk.management jdk.management.agent jdk.jconsole jdk.jdeps jdk.jdwp.agent jdk.jdi jdk.jfr jdk.jshell jdk.jsobject jdk.jstatd jdk.localedata jdk.management.jfr jdk.naming.dns jdk.naming.rmi jdk.net jdk.nio.mapmode jdk.random jdk.sctp jdk.security.auth jdk.security.jgss jdk.unsupported jdk.unsupported.desktop jdk.xml.dom" 

Environment Variables:
PATH=C:\Python314\Scripts\;C:\Python314\;C:\Program Files (x86)\Common Files\Intel\Shared Libraries\redist\intel64\compiler;C:\Program Files (x86)\Common Files\Oracle\Java\javapath;C:\Windows\system32;C:\Windows;C:\Windows\System32\Wbem;C:\Windows\System32\WindowsPowerShell\v1.0\;C:\Windows\System32\OpenSSH\;C:\Program Files (x86)\NVIDIA Corporation\PhysX\Common;C:\WINDOWS\system32;C:\WINDOWS;C:\WINDOWS\System32\Wbem;C:\WINDOWS\System32\WindowsPowerShell\v1.0\;C:\WINDOWS\System32\OpenSSH\;C:\Program Files\NVIDIA Corporation\NVIDIA app\NvDLISR;C:\Program Files\dotnet\;C:\Program Files\nodejs\;C:\ProgramData\chocolatey\bin;C:\Users\chirag rawat\AppData\Local\Microsoft\WindowsApps;C:\Program Files\Java\jdk1.8.0_202\bin;C:\Users\chirag rawat\AppData\Local\Programs\Microsoft VS Code\bin;C:\Users\chirag rawat\AppData\Roaming\npm;c:\Users\chirag rawat\.vscode\extensions\vscjava.vscode-java-debug-0.58.4\bundled\scripts\noConfigScripts
USERNAME=chirag rawat
LANG=en_US.UTF-8
OS=Windows_NT
PROCESSOR_IDENTIFIER=Intel64 Family 6 Model 141 Stepping 1, GenuineIntel
TMP=C:\Users\CHIRAG~1\AppData\Local\Temp
TEMP=C:\Users\CHIRAG~1\AppData\Local\Temp




Periodic native trim disabled

---------------  S Y S T E M  ---------------

OS:
 Windows 11 , 64 bit Build 26100 (10.0.26100.7309)
OS uptime: 1 days 2:41 hours
Hyper-V role detected

CPU: total 12 (initial active 12) (6 cores per cpu, 2 threads per core) family 6 model 141 stepping 1 microcode 0x50, cx8, cmov, fxsr, ht, mmx, 3dnowpref, sse, sse2, sse3, ssse3, sse4.1, sse4.2, popcnt, lzcnt, tsc, tscinvbit, avx, avx2, aes, erms, clmul, bmi1, bmi2, adx, avx512f, avx512dq, avx512cd, avx512bw, avx512vl, sha, fma, vzeroupper, avx512_vpopcntdq, avx512_vpclmulqdq, avx512_vaes, avx512_vnni, clflush, clflushopt, clwb, avx512_vbmi2, avx512_vbmi, hv, rdtscp, rdpid, fsrm, gfni, avx512_bitalg, f16c, cet_ibt, cet_ss, avx512_ifma
Processor Information for the first 12 processors :
  Max Mhz: 2611, Current Mhz: 2611, Mhz Limit: 2611

Memory: 4k page, system-wide physical 7929M (475M free)
TotalPageFile size 32505M (AvailPageFile size 1M)
current process WorkingSet (physical memory assigned to process): 204M, peak: 327M
current process commit charge ("private bytes"): 310M, peak: 363M

vm_info: OpenJDK 64-Bit Server VM (21.0.9+10-LTS) for windows-amd64 JRE (21.0.9+10-LTS), built on 2025-10-21T00:00:00Z by "admin" with unknown MS VC++:1942

END.
